0 info it worked if it ends with ok
1 verbose cli [ '/Users/mayumi/.nodebrew/node/v4.2.3/bin/node',
1 verbose cli   '/Users/mayumi/.nodebrew/current/bin/npm',
1 verbose cli   'i' ]
2 info using npm@2.14.7
3 info using node@v4.2.3
4 verbose readDependencies loading dependencies from /Users/mayumi/work-subject/package.json
5 error install Couldn't read dependencies
6 verbose stack Error: ENOENT: no such file or directory, open '/Users/mayumi/work-subject/package.json'
6 verbose stack     at Error (native)
7 verbose cwd /Users/mayumi/work-subject
8 error Darwin 15.5.0
9 error argv "/Users/mayumi/.nodebrew/node/v4.2.3/bin/node" "/Users/mayumi/.nodebrew/current/bin/npm" "i"
10 error node v4.2.3
11 error npm  v2.14.7
12 error path /Users/mayumi/work-subject/package.json
13 error code ENOPACKAGEJSON
14 error errno -2
15 error syscall open
16 error package.json ENOENT: no such file or directory, open '/Users/mayumi/work-subject/package.json'
16 error package.json This is most likely not a problem with npm itself.
16 error package.json npm can't find a package.json file in your current directory.
17 verbose exit [ -2, true ]
